<?xml version="1.0" encoding="UTF-8"?>
<!-- Generated by org.testng.reporters.JUnitXMLReporter -->
<testsuite ignored="0" hostname="CH247" failures="0" tests="9" name="AllTest" time="0.036" errors="0" timestamp="29 січ. 2020 14:12:31 GMT">
  <testcase classname="d.DataProviderObj" name="empTest" time="0.006"/>
  <testcase classname="d.DataProviderObj" name="empTest" time="0.0"/>
  <testcase classname="d.DataProviderObj" name="empTest" time="0.0"/>
  <testcase classname="g.Group" name="Car1" time="0.001"/>
  <testcase classname="g.Group" name="Car2" time="0.0"/>
  <testcase classname="g.Group" name="Scooter1" time="0.0"/>
  <testcase classname="g.Group" name="Scooter2" time="0.0"/>
  <testcase classname="g.Group" name="Sedan1" time="0.0"/>
  <testcase classname="a.ParamFromXML" name="paramTest" time="0.0"/>
</testsuite> <!-- AllTest -->
