<?xml version="1.0" encoding="UTF-8"?>
<testng-results ignored="0" total="9" passed="9" failed="0" skipped="0">
  <reporter-output>
  </reporter-output>
  <suite started-at="2020-01-29T14:12:30Z" name="General Suite" finished-at="2020-01-29T14:12:30Z" duration-ms="36">
    <groups>
      <group name="Scooter">
        <method signature="Group.Scooter1()[pri:0, instance:g.Group@6973b51b]" name="Scooter1" class="g.Group"/>
        <method signature="Group.Scooter2()[pri:0, instance:g.Group@6973b51b]" name="Scooter2" class="g.Group"/>
      </group> <!-- Scooter -->
      <group name="Car">
        <method signature="Group.Car1()[pri:0, instance:g.Group@6973b51b]" name="Car1" class="g.Group"/>
        <method signature="Group.Car2()[pri:0, instance:g.Group@6973b51b]" name="Car2" class="g.Group"/>
        <method signature="Group.Sedan1()[pri:0, instance:g.Group@6973b51b]" name="Sedan1" class="g.Group"/>
      </group> <!-- Car -->
      <group name="Sedan Car">
        <method signature="Group.Sedan1()[pri:0, instance:g.Group@6973b51b]" name="Sedan1" class="g.Group"/>
      </group> <!-- Sedan Car -->
    </groups>
    <test started-at="2020-01-29T14:12:30Z" name="AllTest" finished-at="2020-01-29T14:12:30Z" duration-ms="36">
      <class name="a.ParamFromXML">
        <test-method signature="paramTest(java.lang.String, java.lang.String)[pri:0, instance:a.ParamFromXML@1ab3a8c8]" started-at="2020-01-29T14:12:30Z" name="paramTest" finished-at="2020-01-29T14:12:30Z" duration-ms="0" status="PASS">
          <params>
            <param index="0">
              <value>
                <![CDATA[First parameter]]>
              </value>
            </param>
            <param index="1">
              <value>
                <![CDATA[Second parameter]]>
              </value>
            </param>
          </params>
          <reporter-output>
          </reporter-output>
        </test-method> <!-- paramTest -->
      </class> <!-- a.ParamFromXML -->
      <class name="g.Group">
        <test-method signature="Car1()[pri:0, instance:g.Group@6973b51b]" started-at="2020-01-29T14:12:30Z" name="Car1" finished-at="2020-01-29T14:12:30Z" duration-ms="1" status="PASS">
          <reporter-output>
          </reporter-output>
        </test-method> <!-- Car1 -->
        <test-method signature="Car2()[pri:0, instance:g.Group@6973b51b]" started-at="2020-01-29T14:12:30Z" name="Car2" finished-at="2020-01-29T14:12:30Z" duration-ms="0" status="PASS">
          <reporter-output>
          </reporter-output>
        </test-method> <!-- Car2 -->
        <test-method signature="Scooter2()[pri:0, instance:g.Group@6973b51b]" started-at="2020-01-29T14:12:30Z" name="Scooter2" finished-at="2020-01-29T14:12:30Z" duration-ms="0" status="PASS">
          <reporter-output>
          </reporter-output>
        </test-method> <!-- Scooter2 -->
        <test-method signature="Sedan1()[pri:0, instance:g.Group@6973b51b]" started-at="2020-01-29T14:12:30Z" name="Sedan1" finished-at="2020-01-29T14:12:30Z" duration-ms="0" status="PASS">
          <reporter-output>
          </reporter-output>
        </test-method> <!-- Sedan1 -->
        <test-method signature="Scooter1()[pri:0, instance:g.Group@6973b51b]" started-at="2020-01-29T14:12:30Z" name="Scooter1" finished-at="2020-01-29T14:12:30Z" duration-ms="0" status="PASS">
          <reporter-output>
          </reporter-output>
        </test-method> <!-- Scooter1 -->
      </class> <!-- g.Group -->
      <class name="d.DataProviderObj">
        <test-method signature="empTest(d.Employee)[pri:0, instance:d.DataProviderObj@1afd44cb]" started-at="2020-01-29T14:12:30Z" name="empTest" data-provider="employeeData" finished-at="2020-01-29T14:12:30Z" duration-ms="6" status="PASS">
          <params>
            <param index="0">
              <value>
                <![CDATA[Employee: Joe]]>
              </value>
            </param>
          </params>
          <reporter-output>
          </reporter-output>
        </test-method> <!-- empTest -->
        <test-method signature="empTest(d.Employee)[pri:0, instance:d.DataProviderObj@1afd44cb]" started-at="2020-01-29T14:12:30Z" name="empTest" data-provider="employeeData" finished-at="2020-01-29T14:12:30Z" duration-ms="0" status="PASS">
          <params>
            <param index="0">
              <value>
                <![CDATA[Employee: Ivan]]>
              </value>
            </param>
          </params>
          <reporter-output>
          </reporter-output>
        </test-method> <!-- empTest -->
        <test-method signature="empTest(d.Employee)[pri:0, instance:d.DataProviderObj@1afd44cb]" started-at="2020-01-29T14:12:30Z" name="empTest" data-provider="employeeData" finished-at="2020-01-29T14:12:30Z" duration-ms="0" status="PASS">
          <params>
            <param index="0">
              <value>
                <![CDATA[Employee: Sam]]>
              </value>
            </param>
          </params>
          <reporter-output>
          </reporter-output>
        </test-method> <!-- empTest -->
      </class> <!-- d.DataProviderObj -->
    </test> <!-- AllTest -->
  </suite> <!-- General Suite -->
</testng-results>
